2022-03-17 01:28:23.060  INFO 124784 --- [SpringApplicationShutdownHook] j.LocalContainerEntityManagerFactoryBean : Closing JPA EntityManagerFactory for persistence unit 'default'
2022-03-17 01:28:23.064  INFO 124784 --- [SpringApplicationShutdownHook] com.zaxxer.hikari.HikariDataSource       : HikariPool-1 - Shutdown initiated...
2022-03-17 01:28:23.071  INFO 124784 --- [SpringApplicationShutdownHook] com.zaxxer.hikari.HikariDataSource       : HikariPool-1 - Shutdown completed.
2022-03-17 01:28:28.525  INFO 140508 --- [restartedMain] c.b.b.BookStoreBackendApplication        : Starting BookStoreBackendApplication using Java 17.0.1 on dell-Latitude-5490 with PID 140508 (/home/dell/BookStoreApp/target/classes started by dell in /home/dell/BookStoreApp)
2022-03-17 01:28:28.526  INFO 140508 --- [restartedMain] c.b.b.BookStoreBackendApplication        : The following 1 profile is active: "dev"
2022-03-17 01:28:28.569  INFO 140508 --- [restartedMain] .e.DevToolsPropertyDefaultsPostProcessor : Devtools property defaults active! Set 'spring.devtools.add-properties' to 'false' to disable
2022-03-17 01:28:28.570  INFO 140508 --- [restartedMain] .e.DevToolsPropertyDefaultsPostProcessor : For additional web related logging consider setting the 'logging.level.web' property to 'DEBUG'
2022-03-17 01:28:29.190  INFO 140508 --- [restartedMain] .s.d.r.c.RepositoryConfigurationDelegate : Bootstrapping Spring Data JPA repositories in DEFAULT mode.
2022-03-17 01:28:29.223  INFO 140508 --- [restartedMain] .s.d.r.c.RepositoryConfigurationDelegate : Finished Spring Data repository scanning in 27 ms. Found 1 JPA repository interfaces.
2022-03-17 01:28:29.426  INFO 140508 --- [restartedMain] trationDelegate$BeanPostProcessorChecker : Bean 'org.springframework.ws.config.annotation.DelegatingWsConfiguration' of type [org.springframework.ws.config.annotation.DelegatingWsConfiguration$$EnhancerBySpringCGLIB$$47fa92fb] is not eligible for getting processed by all BeanPostProcessors (for example: not eligible for auto-proxying)
2022-03-17 01:28:29.456  INFO 140508 --- [restartedMain] .w.s.a.s.AnnotationActionEndpointMapping : Supporting [WS-Addressing August 2004, WS-Addressing 1.0]
2022-03-17 01:28:29.636  INFO 140508 --- [restartedMain] o.s.b.w.embedded.tomcat.TomcatWebServer  : Tomcat initialized with port(s): 8082 (http)
2022-03-17 01:28:29.641  INFO 140508 --- [restartedMain] o.apache.catalina.core.StandardService   : Starting service [Tomcat]
2022-03-17 01:28:29.641  INFO 140508 --- [restartedMain] org.apache.catalina.core.StandardEngine  : Starting Servlet engine: [Apache Tomcat/9.0.58]
2022-03-17 01:28:29.683  INFO 140508 --- [restartedMain] o.a.c.c.C.[Tomcat].[localhost].[/]       : Initializing Spring embedded WebApplicationContext
2022-03-17 01:28:29.684  INFO 140508 --- [restartedMain] w.s.c.ServletWebServerApplicationContext : Root WebApplicationContext: initialization completed in 1114 ms
2022-03-17 01:28:29.904  INFO 140508 --- [restartedMain] com.zaxxer.hikari.HikariDataSource       : HikariPool-1 - Starting...
2022-03-17 01:28:30.113  INFO 140508 --- [restartedMain] com.zaxxer.hikari.HikariDataSource       : HikariPool-1 - Start completed.
2022-03-17 01:28:30.426  INFO 140508 --- [restartedMain] j.LocalContainerEntityManagerFactoryBean : Initialized JPA EntityManagerFactory for persistence unit 'default'
2022-03-17 01:28:30.702  WARN 140508 --- [restartedMain] JpaBaseConfiguration$JpaWebConfiguration : spring.jpa.open-in-view is enabled by default. Therefore, database queries may be performed during view rendering. Explicitly configure spring.jpa.open-in-view to disable this warning
2022-03-17 01:28:30.787  INFO 140508 --- [restartedMain] pertySourcedRequestMappingHandlerMapping : Mapped URL path [/v2/api-docs] onto method [springfox.documentation.swagger2.web.Swagger2Controller#getDocumentation(String, HttpServletRequest)]
2022-03-17 01:28:30.888  INFO 140508 --- [restartedMain] o.s.b.d.a.OptionalLiveReloadServer       : LiveReload server is running on port 35729
2022-03-17 01:28:31.006  INFO 140508 --- [restartedMain] o.s.b.w.embedded.tomcat.TomcatWebServer  : Tomcat started on port(s): 8082 (http) with context path ''
2022-03-17 01:28:31.007  INFO 140508 --- [restartedMain] d.s.w.p.DocumentationPluginsBootstrapper : Context refreshed
2022-03-17 01:28:31.015  INFO 140508 --- [restartedMain] d.s.w.p.DocumentationPluginsBootstrapper : Found 1 custom documentation plugin(s)
2022-03-17 01:28:31.029  INFO 140508 --- [restartedMain] s.d.s.w.s.ApiListingReferenceScanner     : Scanning for api listing references
2022-03-17 01:28:31.109  INFO 140508 --- [restartedMain] c.b.b.BookStoreBackendApplication        : Started BookStoreBackendApplication in 2.88 seconds (JVM running for 3.385)
2022-03-17 01:28:31.112  INFO 140508 --- [restartedMain] c.b.b.BookStoreBackendApplication        : BookStore Application started at DEV Environment
2022-03-17 01:28:52.878  INFO 140508 --- [http-nio-8082-exec-1] o.a.c.c.C.[Tomcat].[localhost].[/]       : Initializing Spring DispatcherServlet 'dispatcherServlet'
2022-03-17 01:33:44.718  INFO 140508 --- [SpringApplicationShutdownHook] j.LocalContainerEntityManagerFactoryBean : Closing JPA EntityManagerFactory for persistence unit 'default'
2022-03-17 01:33:44.721  INFO 140508 --- [SpringApplicationShutdownHook] com.zaxxer.hikari.HikariDataSource       : HikariPool-1 - Shutdown initiated...
2022-03-17 01:33:44.729  INFO 140508 --- [SpringApplicationShutdownHook] com.zaxxer.hikari.HikariDataSource       : HikariPool-1 - Shutdown completed.
2022-03-17 01:33:47.999  INFO 141234 --- [restartedMain] c.b.b.BookStoreBackendApplication        : Starting BookStoreBackendApplication using Java 17.0.1 on dell-Latitude-5490 with PID 141234 (/home/dell/BookStoreApp/target/classes started by dell in /home/dell/BookStoreApp)
2022-03-17 01:33:48.001  INFO 141234 --- [restartedMain] c.b.b.BookStoreBackendApplication        : The following 1 profile is active: "dev"
2022-03-17 01:33:48.044  INFO 141234 --- [restartedMain] .e.DevToolsPropertyDefaultsPostProcessor : Devtools property defaults active! Set 'spring.devtools.add-properties' to 'false' to disable
2022-03-17 01:33:48.045  INFO 141234 --- [restartedMain] .e.DevToolsPropertyDefaultsPostProcessor : For additional web related logging consider setting the 'logging.level.web' property to 'DEBUG'
2022-03-17 01:33:48.595  INFO 141234 --- [restartedMain] .s.d.r.c.RepositoryConfigurationDelegate : Bootstrapping Spring Data JPA repositories in DEFAULT mode.
2022-03-17 01:33:48.624  INFO 141234 --- [restartedMain] .s.d.r.c.RepositoryConfigurationDelegate : Finished Spring Data repository scanning in 23 ms. Found 1 JPA repository interfaces.
2022-03-17 01:33:48.816  INFO 141234 --- [restartedMain] trationDelegate$BeanPostProcessorChecker : Bean 'org.springframework.ws.config.annotation.DelegatingWsConfiguration' of type [org.springframework.ws.config.annotation.DelegatingWsConfiguration$$EnhancerBySpringCGLIB$$e7c026f7] is not eligible for getting processed by all BeanPostProcessors (for example: not eligible for auto-proxying)
2022-03-17 01:33:48.845  INFO 141234 --- [restartedMain] .w.s.a.s.AnnotationActionEndpointMapping : Supporting [WS-Addressing August 2004, WS-Addressing 1.0]
2022-03-17 01:33:49.019  INFO 141234 --- [restartedMain] o.s.b.w.embedded.tomcat.TomcatWebServer  : Tomcat initialized with port(s): 8082 (http)
2022-03-17 01:33:49.024  INFO 141234 --- [restartedMain] o.apache.catalina.core.StandardService   : Starting service [Tomcat]
2022-03-17 01:33:49.025  INFO 141234 --- [restartedMain] org.apache.catalina.core.StandardEngine  : Starting Servlet engine: [Apache Tomcat/9.0.58]
2022-03-17 01:33:49.077  INFO 141234 --- [restartedMain] o.a.c.c.C.[Tomcat].[localhost].[/]       : Initializing Spring embedded WebApplicationContext
2022-03-17 01:33:49.077  INFO 141234 --- [restartedMain] w.s.c.ServletWebServerApplicationContext : Root WebApplicationContext: initialization completed in 1032 ms
2022-03-17 01:33:49.284  INFO 141234 --- [restartedMain] com.zaxxer.hikari.HikariDataSource       : HikariPool-1 - Starting...
2022-03-17 01:33:49.485  INFO 141234 --- [restartedMain] com.zaxxer.hikari.HikariDataSource       : HikariPool-1 - Start completed.
2022-03-17 01:33:49.801  INFO 141234 --- [restartedMain] j.LocalContainerEntityManagerFactoryBean : Initialized JPA EntityManagerFactory for persistence unit 'default'
2022-03-17 01:33:50.080  WARN 141234 --- [restartedMain] JpaBaseConfiguration$JpaWebConfiguration : spring.jpa.open-in-view is enabled by default. Therefore, database queries may be performed during view rendering. Explicitly configure spring.jpa.open-in-view to disable this warning
2022-03-17 01:33:50.162  INFO 141234 --- [restartedMain] pertySourcedRequestMappingHandlerMapping : Mapped URL path [/v2/api-docs] onto method [springfox.documentation.swagger2.web.Swagger2Controller#getDocumentation(String, HttpServletRequest)]
2022-03-17 01:33:50.258  INFO 141234 --- [restartedMain] o.s.b.d.a.OptionalLiveReloadServer       : LiveReload server is running on port 35729
2022-03-17 01:33:50.372  INFO 141234 --- [restartedMain] o.s.b.w.embedded.tomcat.TomcatWebServer  : Tomcat started on port(s): 8082 (http) with context path ''
2022-03-17 01:33:50.373  INFO 141234 --- [restartedMain] d.s.w.p.DocumentationPluginsBootstrapper : Context refreshed
2022-03-17 01:33:50.381  INFO 141234 --- [restartedMain] d.s.w.p.DocumentationPluginsBootstrapper : Found 1 custom documentation plugin(s)
2022-03-17 01:33:50.395  INFO 141234 --- [restartedMain] s.d.s.w.s.ApiListingReferenceScanner     : Scanning for api listing references
2022-03-17 01:33:50.473  INFO 141234 --- [restartedMain] c.b.b.BookStoreBackendApplication        : Started BookStoreBackendApplication in 2.783 seconds (JVM running for 3.246)
2022-03-17 01:33:50.476  INFO 141234 --- [restartedMain] c.b.b.BookStoreBackendApplication        : BookStore Application started at DEV Environment
2022-03-17 01:34:18.951  INFO 141234 --- [http-nio-8082-exec-1] o.a.c.c.C.[Tomcat].[localhost].[/]       : Initializing Spring DispatcherServlet 'dispatcherServlet'
2022-03-17 01:38:35.902  INFO 141234 --- [SpringApplicationShutdownHook] j.LocalContainerEntityManagerFactoryBean : Closing JPA EntityManagerFactory for persistence unit 'default'
2022-03-17 01:38:35.904  INFO 141234 --- [SpringApplicationShutdownHook] com.zaxxer.hikari.HikariDataSource       : HikariPool-1 - Shutdown initiated...
2022-03-17 01:38:35.910  INFO 141234 --- [SpringApplicationShutdownHook] com.zaxxer.hikari.HikariDataSource       : HikariPool-1 - Shutdown completed.
2022-03-17 01:38:39.577  INFO 141920 --- [restartedMain] c.b.b.BookStoreBackendApplication        : Starting BookStoreBackendApplication using Java 17.0.1 on dell-Latitude-5490 with PID 141920 (/home/dell/BookStoreApp/target/classes started by dell in /home/dell/BookStoreApp)
2022-03-17 01:38:39.578  INFO 141920 --- [restartedMain] c.b.b.BookStoreBackendApplication        : The following 1 profile is active: "dev"
2022-03-17 01:38:39.613  INFO 141920 --- [restartedMain] .e.DevToolsPropertyDefaultsPostProcessor : Devtools property defaults active! Set 'spring.devtools.add-properties' to 'false' to disable
2022-03-17 01:38:39.614  INFO 141920 --- [restartedMain] .e.DevToolsPropertyDefaultsPostProcessor : For additional web related logging consider setting the 'logging.level.web' property to 'DEBUG'
2022-03-17 01:38:40.210  INFO 141920 --- [restartedMain] .s.d.r.c.RepositoryConfigurationDelegate : Bootstrapping Spring Data JPA repositories in DEFAULT mode.
2022-03-17 01:38:40.239  INFO 141920 --- [restartedMain] .s.d.r.c.RepositoryConfigurationDelegate : Finished Spring Data repository scanning in 23 ms. Found 1 JPA repository interfaces.
2022-03-17 01:38:40.437  INFO 141920 --- [restartedMain] trationDelegate$BeanPostProcessorChecker : Bean 'org.springframework.ws.config.annotation.DelegatingWsConfiguration' of type [org.springframework.ws.config.annotation.DelegatingWsConfiguration$$EnhancerBySpringCGLIB$$e7c026f7] is not eligible for getting processed by all BeanPostProcessors (for example: not eligible for auto-proxying)
2022-03-17 01:38:40.468  INFO 141920 --- [restartedMain] .w.s.a.s.AnnotationActionEndpointMapping : Supporting [WS-Addressing August 2004, WS-Addressing 1.0]
2022-03-17 01:38:40.643  INFO 141920 --- [restartedMain] o.s.b.w.embedded.tomcat.TomcatWebServer  : Tomcat initialized with port(s): 8082 (http)
2022-03-17 01:38:40.648  INFO 141920 --- [restartedMain] o.apache.catalina.core.StandardService   : Starting service [Tomcat]
2022-03-17 01:38:40.648  INFO 141920 --- [restartedMain] org.apache.catalina.core.StandardEngine  : Starting Servlet engine: [Apache Tomcat/9.0.58]
2022-03-17 01:38:40.692  INFO 141920 --- [restartedMain] o.a.c.c.C.[Tomcat].[localhost].[/]       : Initializing Spring embedded WebApplicationContext
2022-03-17 01:38:40.693  INFO 141920 --- [restartedMain] w.s.c.ServletWebServerApplicationContext : Root WebApplicationContext: initialization completed in 1079 ms
2022-03-17 01:38:40.913  INFO 141920 --- [restartedMain] com.zaxxer.hikari.HikariDataSource       : HikariPool-1 - Starting...
2022-03-17 01:38:41.110  INFO 141920 --- [restartedMain] com.zaxxer.hikari.HikariDataSource       : HikariPool-1 - Start completed.
2022-03-17 01:38:41.425  INFO 141920 --- [restartedMain] j.LocalContainerEntityManagerFactoryBean : Initialized JPA EntityManagerFactory for persistence unit 'default'
2022-03-17 01:38:41.709  WARN 141920 --- [restartedMain] JpaBaseConfiguration$JpaWebConfiguration : spring.jpa.open-in-view is enabled by default. Therefore, database queries may be performed during view rendering. Explicitly configure spring.jpa.open-in-view to disable this warning
2022-03-17 01:38:41.792  INFO 141920 --- [restartedMain] pertySourcedRequestMappingHandlerMapping : Mapped URL path [/v2/api-docs] onto method [springfox.documentation.swagger2.web.Swagger2Controller#getDocumentation(String, HttpServletRequest)]
2022-03-17 01:38:41.890  INFO 141920 --- [restartedMain] o.s.b.d.a.OptionalLiveReloadServer       : LiveReload server is running on port 35729
2022-03-17 01:38:42.012  INFO 141920 --- [restartedMain] o.s.b.w.embedded.tomcat.TomcatWebServer  : Tomcat started on port(s): 8082 (http) with context path ''
2022-03-17 01:38:42.012  INFO 141920 --- [restartedMain] d.s.w.p.DocumentationPluginsBootstrapper : Context refreshed
2022-03-17 01:38:42.021  INFO 141920 --- [restartedMain] d.s.w.p.DocumentationPluginsBootstrapper : Found 1 custom documentation plugin(s)
2022-03-17 01:38:42.034  INFO 141920 --- [restartedMain] s.d.s.w.s.ApiListingReferenceScanner     : Scanning for api listing references
2022-03-17 01:38:42.115  INFO 141920 --- [restartedMain] c.b.b.BookStoreBackendApplication        : Started BookStoreBackendApplication in 2.828 seconds (JVM running for 3.39)
2022-03-17 01:38:42.118  INFO 141920 --- [restartedMain] c.b.b.BookStoreBackendApplication        : BookStore Application started at DEV Environment
2022-03-17 01:38:52.059  INFO 141920 --- [http-nio-8082-exec-1] o.a.c.c.C.[Tomcat].[localhost].[/]       : Initializing Spring DispatcherServlet 'dispatcherServlet'
2022-03-17 01:39:40.234  INFO 141920 --- [SpringApplicationShutdownHook] j.LocalContainerEntityManagerFactoryBean : Closing JPA EntityManagerFactory for persistence unit 'default'
2022-03-17 01:39:40.236  INFO 141920 --- [SpringApplicationShutdownHook] com.zaxxer.hikari.HikariDataSource       : HikariPool-1 - Shutdown initiated...
2022-03-17 01:39:40.242  INFO 141920 --- [SpringApplicationShutdownHook] com.zaxxer.hikari.HikariDataSource       : HikariPool-1 - Shutdown completed.
2022-03-17 01:39:43.490  INFO 142156 --- [restartedMain] c.b.b.BookStoreBackendApplication        : Starting BookStoreBackendApplication using Java 17.0.1 on dell-Latitude-5490 with PID 142156 (/home/dell/BookStoreApp/target/classes started by dell in /home/dell/BookStoreApp)
2022-03-17 01:39:43.492  INFO 142156 --- [restartedMain] c.b.b.BookStoreBackendApplication        : The following 1 profile is active: "dev"
2022-03-17 01:39:43.552  INFO 142156 --- [restartedMain] .e.DevToolsPropertyDefaultsPostProcessor : Devtools property defaults active! Set 'spring.devtools.add-properties' to 'false' to disable
2022-03-17 01:39:43.553  INFO 142156 --- [restartedMain] .e.DevToolsPropertyDefaultsPostProcessor : For additional web related logging consider setting the 'logging.level.web' property to 'DEBUG'
2022-03-17 01:39:44.117  INFO 142156 --- [restartedMain] .s.d.r.c.RepositoryConfigurationDelegate : Bootstrapping Spring Data JPA repositories in DEFAULT mode.
2022-03-17 01:39:44.145  INFO 142156 --- [restartedMain] .s.d.r.c.RepositoryConfigurationDelegate : Finished Spring Data repository scanning in 23 ms. Found 1 JPA repository interfaces.
2022-03-17 01:39:44.328  INFO 142156 --- [restartedMain] trationDelegate$BeanPostProcessorChecker : Bean 'org.springframework.ws.config.annotation.DelegatingWsConfiguration' of type [org.springframework.ws.config.annotation.DelegatingWsConfiguration$$EnhancerBySpringCGLIB$$e7c026f7] is not eligible for getting processed by all BeanPostProcessors (for example: not eligible for auto-proxying)
2022-03-17 01:39:44.357  INFO 142156 --- [restartedMain] .w.s.a.s.AnnotationActionEndpointMapping : Supporting [WS-Addressing August 2004, WS-Addressing 1.0]
2022-03-17 01:39:44.544  INFO 142156 --- [restartedMain] o.s.b.w.embedded.tomcat.TomcatWebServer  : Tomcat initialized with port(s): 8082 (http)
2022-03-17 01:39:44.549  INFO 142156 --- [restartedMain] o.apache.catalina.core.StandardService   : Starting service [Tomcat]
2022-03-17 01:39:44.549  INFO 142156 --- [restartedMain] org.apache.catalina.core.StandardEngine  : Starting Servlet engine: [Apache Tomcat/9.0.58]
2022-03-17 01:39:44.589  INFO 142156 --- [restartedMain] o.a.c.c.C.[Tomcat].[localhost].[/]       : Initializing Spring embedded WebApplicationContext
2022-03-17 01:39:44.589  INFO 142156 --- [restartedMain] w.s.c.ServletWebServerApplicationContext : Root WebApplicationContext: initialization completed in 1036 ms
2022-03-17 01:39:44.792  INFO 142156 --- [restartedMain] com.zaxxer.hikari.HikariDataSource       : HikariPool-1 - Starting...
2022-03-17 01:39:44.985  INFO 142156 --- [restartedMain] com.zaxxer.hikari.HikariDataSource       : HikariPool-1 - Start completed.
2022-03-17 01:39:45.284  INFO 142156 --- [restartedMain] j.LocalContainerEntityManagerFactoryBean : Initialized JPA EntityManagerFactory for persistence unit 'default'
2022-03-17 01:39:45.562  WARN 142156 --- [restartedMain] JpaBaseConfiguration$JpaWebConfiguration : spring.jpa.open-in-view is enabled by default. Therefore, database queries may be performed during view rendering. Explicitly configure spring.jpa.open-in-view to disable this warning
2022-03-17 01:39:45.643  INFO 142156 --- [restartedMain] pertySourcedRequestMappingHandlerMapping : Mapped URL path [/v2/api-docs] onto method [springfox.documentation.swagger2.web.Swagger2Controller#getDocumentation(String, HttpServletRequest)]
2022-03-17 01:39:45.746  INFO 142156 --- [restartedMain] o.s.b.d.a.OptionalLiveReloadServer       : LiveReload server is running on port 35729
2022-03-17 01:39:45.852  INFO 142156 --- [restartedMain] o.s.b.w.embedded.tomcat.TomcatWebServer  : Tomcat started on port(s): 8082 (http) with context path ''
2022-03-17 01:39:45.853  INFO 142156 --- [restartedMain] d.s.w.p.DocumentationPluginsBootstrapper : Context refreshed
2022-03-17 01:39:45.862  INFO 142156 --- [restartedMain] d.s.w.p.DocumentationPluginsBootstrapper : Found 1 custom documentation plugin(s)
2022-03-17 01:39:45.875  INFO 142156 --- [restartedMain] s.d.s.w.s.ApiListingReferenceScanner     : Scanning for api listing references
2022-03-17 01:39:45.957  INFO 142156 --- [restartedMain] c.b.b.BookStoreBackendApplication        : Started BookStoreBackendApplication in 2.904 seconds (JVM running for 3.536)
2022-03-17 01:39:45.960  INFO 142156 --- [restartedMain] c.b.b.BookStoreBackendApplication        : BookStore Application started at DEV Environment
2022-03-17 01:39:58.866  INFO 142156 --- [http-nio-8082-exec-1] o.a.c.c.C.[Tomcat].[localhost].[/]       : Initializing Spring DispatcherServlet 'dispatcherServlet'
2022-03-17 01:42:24.309  INFO 142156 --- [SpringApplicationShutdownHook] j.LocalContainerEntityManagerFactoryBean : Closing JPA EntityManagerFactory for persistence unit 'default'
2022-03-17 01:42:24.311  INFO 142156 --- [SpringApplicationShutdownHook] com.zaxxer.hikari.HikariDataSource       : HikariPool-1 - Shutdown initiated...
2022-03-17 01:42:24.316  INFO 142156 --- [SpringApplicationShutdownHook] com.zaxxer.hikari.HikariDataSource       : HikariPool-1 - Shutdown completed.
2022-03-17 01:42:27.883  INFO 142558 --- [restartedMain] c.b.b.BookStoreBackendApplication        : Starting BookStoreBackendApplication using Java 17.0.1 on dell-Latitude-5490 with PID 142558 (/home/dell/BookStoreApp/target/classes started by dell in /home/dell/BookStoreApp)
2022-03-17 01:42:27.884  INFO 142558 --- [restartedMain] c.b.b.BookStoreBackendApplication        : The following 1 profile is active: "dev"
2022-03-17 01:42:27.927  INFO 142558 --- [restartedMain] .e.DevToolsPropertyDefaultsPostProcessor : Devtools property defaults active! Set 'spring.devtools.add-properties' to 'false' to disable
2022-03-17 01:42:27.927  INFO 142558 --- [restartedMain] .e.DevToolsPropertyDefaultsPostProcessor : For additional web related logging consider setting the 'logging.level.web' property to 'DEBUG'
2022-03-17 01:42:28.509  INFO 142558 --- [restartedMain] .s.d.r.c.RepositoryConfigurationDelegate : Bootstrapping Spring Data JPA repositories in DEFAULT mode.
2022-03-17 01:42:28.539  INFO 142558 --- [restartedMain] .s.d.r.c.RepositoryConfigurationDelegate : Finished Spring Data repository scanning in 23 ms. Found 1 JPA repository interfaces.
2022-03-17 01:42:28.744  INFO 142558 --- [restartedMain] trationDelegate$BeanPostProcessorChecker : Bean 'org.springframework.ws.config.annotation.DelegatingWsConfiguration' of type [org.springframework.ws.config.annotation.DelegatingWsConfiguration$$EnhancerBySpringCGLIB$$e7c026f7] is not eligible for getting processed by all BeanPostProcessors (for example: not eligible for auto-proxying)
2022-03-17 01:42:28.775  INFO 142558 --- [restartedMain] .w.s.a.s.AnnotationActionEndpointMapping : Supporting [WS-Addressing August 2004, WS-Addressing 1.0]
2022-03-17 01:42:28.964  INFO 142558 --- [restartedMain] o.s.b.w.embedded.tomcat.TomcatWebServer  : Tomcat initialized with port(s): 8082 (http)
2022-03-17 01:42:28.969  INFO 142558 --- [restartedMain] o.apache.catalina.core.StandardService   : Starting service [Tomcat]
2022-03-17 01:42:28.970  INFO 142558 --- [restartedMain] org.apache.catalina.core.StandardEngine  : Starting Servlet engine: [Apache Tomcat/9.0.58]
2022-03-17 01:42:29.010  INFO 142558 --- [restartedMain] o.a.c.c.C.[Tomcat].[localhost].[/]       : Initializing Spring embedded WebApplicationContext
2022-03-17 01:42:29.011  INFO 142558 --- [restartedMain] w.s.c.ServletWebServerApplicationContext : Root WebApplicationContext: initialization completed in 1083 ms
2022-03-17 01:42:29.217  INFO 142558 --- [restartedMain] com.zaxxer.hikari.HikariDataSource       : HikariPool-1 - Starting...
2022-03-17 01:42:29.412  INFO 142558 --- [restartedMain] com.zaxxer.hikari.HikariDataSource       : HikariPool-1 - Start completed.
2022-03-17 01:42:29.725  INFO 142558 --- [restartedMain] j.LocalContainerEntityManagerFactoryBean : Initialized JPA EntityManagerFactory for persistence unit 'default'
2022-03-17 01:42:29.981  WARN 142558 --- [restartedMain] JpaBaseConfiguration$JpaWebConfiguration : spring.jpa.open-in-view is enabled by default. Therefore, database queries may be performed during view rendering. Explicitly configure spring.jpa.open-in-view to disable this warning
2022-03-17 01:42:30.062  INFO 142558 --- [restartedMain] pertySourcedRequestMappingHandlerMapping : Mapped URL path [/v2/api-docs] onto method [springfox.documentation.swagger2.web.Swagger2Controller#getDocumentation(String, HttpServletRequest)]
2022-03-17 01:42:30.164  INFO 142558 --- [restartedMain] o.s.b.d.a.OptionalLiveReloadServer       : LiveReload server is running on port 35729
2022-03-17 01:42:30.273  INFO 142558 --- [restartedMain] o.s.b.w.embedded.tomcat.TomcatWebServer  : Tomcat started on port(s): 8082 (http) with context path ''
2022-03-17 01:42:30.274  INFO 142558 --- [restartedMain] d.s.w.p.DocumentationPluginsBootstrapper : Context refreshed
2022-03-17 01:42:30.282  INFO 142558 --- [restartedMain] d.s.w.p.DocumentationPluginsBootstrapper : Found 1 custom documentation plugin(s)
2022-03-17 01:42:30.296  INFO 142558 --- [restartedMain] s.d.s.w.s.ApiListingReferenceScanner     : Scanning for api listing references
2022-03-17 01:42:30.374  INFO 142558 --- [restartedMain] c.b.b.BookStoreBackendApplication        : Started BookStoreBackendApplication in 2.784 seconds (JVM running for 3.25)
2022-03-17 01:42:30.378  INFO 142558 --- [restartedMain] c.b.b.BookStoreBackendApplication        : BookStore Application started at DEV Environment
2022-03-17 01:42:47.155  INFO 142558 --- [http-nio-8082-exec-1] o.a.c.c.C.[Tomcat].[localhost].[/]       : Initializing Spring DispatcherServlet 'dispatcherServlet'
2022-03-17 01:43:10.585  INFO 142558 --- [SpringApplicationShutdownHook] j.LocalContainerEntityManagerFactoryBean : Closing JPA EntityManagerFactory for persistence unit 'default'
2022-03-17 01:43:10.587  INFO 142558 --- [SpringApplicationShutdownHook] com.zaxxer.hikari.HikariDataSource       : HikariPool-1 - Shutdown initiated...
2022-03-17 01:43:10.592  INFO 142558 --- [SpringApplicationShutdownHook] com.zaxxer.hikari.HikariDataSource       : HikariPool-1 - Shutdown completed.
2022-03-17 01:43:13.573  INFO 142775 --- [restartedMain] c.b.b.BookStoreBackendApplication        : Starting BookStoreBackendApplication using Java 17.0.1 on dell-Latitude-5490 with PID 142775 (/home/dell/BookStoreApp/target/classes started by dell in /home/dell/BookStoreApp)
2022-03-17 01:43:13.575  INFO 142775 --- [restartedMain] c.b.b.BookStoreBackendApplication        : The following 1 profile is active: "dev"
2022-03-17 01:43:13.613  INFO 142775 --- [restartedMain] .e.DevToolsPropertyDefaultsPostProcessor : Devtools property defaults active! Set 'spring.devtools.add-properties' to 'false' to disable
2022-03-17 01:43:13.613  INFO 142775 --- [restartedMain] .e.DevToolsPropertyDefaultsPostProcessor : For additional web related logging consider setting the 'logging.level.web' property to 'DEBUG'
2022-03-17 01:43:14.186  INFO 142775 --- [restartedMain] .s.d.r.c.RepositoryConfigurationDelegate : Bootstrapping Spring Data JPA repositories in DEFAULT mode.
2022-03-17 01:43:14.214  INFO 142775 --- [restartedMain] .s.d.r.c.RepositoryConfigurationDelegate : Finished Spring Data repository scanning in 23 ms. Found 1 JPA repository interfaces.
2022-03-17 01:43:14.403  INFO 142775 --- [restartedMain] trationDelegate$BeanPostProcessorChecker : Bean 'org.springframework.ws.config.annotation.DelegatingWsConfiguration' of type [org.springframework.ws.config.annotation.DelegatingWsConfiguration$$EnhancerBySpringCGLIB$$47fa92fb] is not eligible for getting processed by all BeanPostProcessors (for example: not eligible for auto-proxying)
2022-03-17 01:43:14.433  INFO 142775 --- [restartedMain] .w.s.a.s.AnnotationActionEndpointMapping : Supporting [WS-Addressing August 2004, WS-Addressing 1.0]
2022-03-17 01:43:14.601  INFO 142775 --- [restartedMain] o.s.b.w.embedded.tomcat.TomcatWebServer  : Tomcat initialized with port(s): 8082 (http)
2022-03-17 01:43:14.607  INFO 142775 --- [restartedMain] o.apache.catalina.core.StandardService   : Starting service [Tomcat]
2022-03-17 01:43:14.607  INFO 142775 --- [restartedMain] org.apache.catalina.core.StandardEngine  : Starting Servlet engine: [Apache Tomcat/9.0.58]
2022-03-17 01:43:14.652  INFO 142775 --- [restartedMain] o.a.c.c.C.[Tomcat].[localhost].[/]       : Initializing Spring embedded WebApplicationContext
2022-03-17 01:43:14.653  INFO 142775 --- [restartedMain] w.s.c.ServletWebServerApplicationContext : Root WebApplicationContext: initialization completed in 1039 ms
2022-03-17 01:43:14.872  INFO 142775 --- [restartedMain] com.zaxxer.hikari.HikariDataSource       : HikariPool-1 - Starting...
2022-03-17 01:43:15.076  INFO 142775 --- [restartedMain] com.zaxxer.hikari.HikariDataSource       : HikariPool-1 - Start completed.
2022-03-17 01:43:15.383  INFO 142775 --- [restartedMain] j.LocalContainerEntityManagerFactoryBean : Initialized JPA EntityManagerFactory for persistence unit 'default'
2022-03-17 01:43:15.656  WARN 142775 --- [restartedMain] JpaBaseConfiguration$JpaWebConfiguration : spring.jpa.open-in-view is enabled by default. Therefore, database queries may be performed during view rendering. Explicitly configure spring.jpa.open-in-view to disable this warning
2022-03-17 01:43:15.738  INFO 142775 --- [restartedMain] pertySourcedRequestMappingHandlerMapping : Mapped URL path [/v2/api-docs] onto method [springfox.documentation.swagger2.web.Swagger2Controller#getDocumentation(String, HttpServletRequest)]
2022-03-17 01:43:15.831  INFO 142775 --- [restartedMain] o.s.b.d.a.OptionalLiveReloadServer       : LiveReload server is running on port 35729
2022-03-17 01:43:15.954  INFO 142775 --- [restartedMain] o.s.b.w.embedded.tomcat.TomcatWebServer  : Tomcat started on port(s): 8082 (http) with context path ''
2022-03-17 01:43:15.955  INFO 142775 --- [restartedMain] d.s.w.p.DocumentationPluginsBootstrapper : Context refreshed
2022-03-17 01:43:15.963  INFO 142775 --- [restartedMain] d.s.w.p.DocumentationPluginsBootstrapper : Found 1 custom documentation plugin(s)
2022-03-17 01:43:15.977  INFO 142775 --- [restartedMain] s.d.s.w.s.ApiListingReferenceScanner     : Scanning for api listing references
2022-03-17 01:43:16.057  INFO 142775 --- [restartedMain] c.b.b.BookStoreBackendApplication        : Started BookStoreBackendApplication in 2.773 seconds (JVM running for 3.241)
2022-03-17 01:43:16.060  INFO 142775 --- [restartedMain] c.b.b.BookStoreBackendApplication        : BookStore Application started at DEV Environment
2022-03-17 01:43:21.390  INFO 142775 --- [http-nio-8082-exec-1] o.a.c.c.C.[Tomcat].[localhost].[/]       : Initializing Spring DispatcherServlet 'dispatcherServlet'
2022-03-17 01:44:13.020  INFO 142775 --- [SpringApplicationShutdownHook] j.LocalContainerEntityManagerFactoryBean : Closing JPA EntityManagerFactory for persistence unit 'default'
2022-03-17 01:44:13.022  INFO 142775 --- [SpringApplicationShutdownHook] com.zaxxer.hikari.HikariDataSource       : HikariPool-1 - Shutdown initiated...
2022-03-17 01:44:13.027  INFO 142775 --- [SpringApplicationShutdownHook] com.zaxxer.hikari.HikariDataSource       : HikariPool-1 - Shutdown completed.
2022-03-17 01:44:15.986  INFO 143009 --- [restartedMain] c.b.b.BookStoreBackendApplication        : Starting BookStoreBackendApplication using Java 17.0.1 on dell-Latitude-5490 with PID 143009 (/home/dell/BookStoreApp/target/classes started by dell in /home/dell/BookStoreApp)
2022-03-17 01:44:15.987  INFO 143009 --- [restartedMain] c.b.b.BookStoreBackendApplication        : The following 1 profile is active: "dev"
2022-03-17 01:44:16.035  INFO 143009 --- [restartedMain] .e.DevToolsPropertyDefaultsPostProcessor : Devtools property defaults active! Set 'spring.devtools.add-properties' to 'false' to disable
2022-03-17 01:44:16.038  INFO 143009 --- [restartedMain] .e.DevToolsPropertyDefaultsPostProcessor : For additional web related logging consider setting the 'logging.level.web' property to 'DEBUG'
2022-03-17 01:44:16.604  INFO 143009 --- [restartedMain] .s.d.r.c.RepositoryConfigurationDelegate : Bootstrapping Spring Data JPA repositories in DEFAULT mode.
2022-03-17 01:44:16.635  INFO 143009 --- [restartedMain] .s.d.r.c.RepositoryConfigurationDelegate : Finished Spring Data repository scanning in 25 ms. Found 1 JPA repository interfaces.
2022-03-17 01:44:16.830  INFO 143009 --- [restartedMain] trationDelegate$BeanPostProcessorChecker : Bean 'org.springframework.ws.config.annotation.DelegatingWsConfiguration' of type [org.springframework.ws.config.annotation.DelegatingWsConfiguration$$EnhancerBySpringCGLIB$$47fa92fb] is not eligible for getting processed by all BeanPostProcessors (for example: not eligible for auto-proxying)
2022-03-17 01:44:16.862  INFO 143009 --- [restartedMain] .w.s.a.s.AnnotationActionEndpointMapping : Supporting [WS-Addressing August 2004, WS-Addressing 1.0]
2022-03-17 01:44:17.037  INFO 143009 --- [restartedMain] o.s.b.w.embedded.tomcat.TomcatWebServer  : Tomcat initialized with port(s): 8082 (http)
2022-03-17 01:44:17.043  INFO 143009 --- [restartedMain] o.apache.catalina.core.StandardService   : Starting service [Tomcat]
2022-03-17 01:44:17.043  INFO 143009 --- [restartedMain] org.apache.catalina.core.StandardEngine  : Starting Servlet engine: [Apache Tomcat/9.0.58]
2022-03-17 01:44:17.093  INFO 143009 --- [restartedMain] o.a.c.c.C.[Tomcat].[localhost].[/]       : Initializing Spring embedded WebApplicationContext
2022-03-17 01:44:17.093  INFO 143009 --- [restartedMain] w.s.c.ServletWebServerApplicationContext : Root WebApplicationContext: initialization completed in 1054 ms
2022-03-17 01:44:17.308  INFO 143009 --- [restartedMain] com.zaxxer.hikari.HikariDataSource       : HikariPool-1 - Starting...
2022-03-17 01:44:17.503  INFO 143009 --- [restartedMain] com.zaxxer.hikari.HikariDataSource       : HikariPool-1 - Start completed.
2022-03-17 01:44:17.818  INFO 143009 --- [restartedMain] j.LocalContainerEntityManagerFactoryBean : Initialized JPA EntityManagerFactory for persistence unit 'default'
2022-03-17 01:44:18.095  WARN 143009 --- [restartedMain] JpaBaseConfiguration$JpaWebConfiguration : spring.jpa.open-in-view is enabled by default. Therefore, database queries may be performed during view rendering. Explicitly configure spring.jpa.open-in-view to disable this warning
2022-03-17 01:44:18.180  INFO 143009 --- [restartedMain] pertySourcedRequestMappingHandlerMapping : Mapped URL path [/v2/api-docs] onto method [springfox.documentation.swagger2.web.Swagger2Controller#getDocumentation(String, HttpServletRequest)]
2022-03-17 01:44:18.280  INFO 143009 --- [restartedMain] o.s.b.d.a.OptionalLiveReloadServer       : LiveReload server is running on port 35729
2022-03-17 01:44:18.394  INFO 143009 --- [restartedMain] o.s.b.w.embedded.tomcat.TomcatWebServer  : Tomcat started on port(s): 8082 (http) with context path ''
2022-03-17 01:44:18.395  INFO 143009 --- [restartedMain] d.s.w.p.DocumentationPluginsBootstrapper : Context refreshed
2022-03-17 01:44:18.403  INFO 143009 --- [restartedMain] d.s.w.p.DocumentationPluginsBootstrapper : Found 1 custom documentation plugin(s)
2022-03-17 01:44:18.418  INFO 143009 --- [restartedMain] s.d.s.w.s.ApiListingReferenceScanner     : Scanning for api listing references
2022-03-17 01:44:18.498  INFO 143009 --- [restartedMain] c.b.b.BookStoreBackendApplication        : Started BookStoreBackendApplication in 2.801 seconds (JVM running for 3.264)
2022-03-17 01:44:18.501  INFO 143009 --- [restartedMain] c.b.b.BookStoreBackendApplication        : BookStore Application started at DEV Environment
2022-03-17 01:48:41.485  INFO 143009 --- [SpringApplicationShutdownHook] j.LocalContainerEntityManagerFactoryBean : Closing JPA EntityManagerFactory for persistence unit 'default'
2022-03-17 01:48:41.488  INFO 143009 --- [SpringApplicationShutdownHook] com.zaxxer.hikari.HikariDataSource       : HikariPool-1 - Shutdown initiated...
2022-03-17 01:48:41.494  INFO 143009 --- [SpringApplicationShutdownHook] com.zaxxer.hikari.HikariDataSource       : HikariPool-1 - Shutdown completed.
2022-03-17 01:48:44.546  INFO 143669 --- [restartedMain] c.b.b.BookStoreBackendApplication        : Starting BookStoreBackendApplication using Java 17.0.1 on dell-Latitude-5490 with PID 143669 (/home/dell/BookStoreApp/target/classes started by dell in /home/dell/BookStoreApp)
2022-03-17 01:48:44.547  INFO 143669 --- [restartedMain] c.b.b.BookStoreBackendApplication        : The following 1 profile is active: "dev"
2022-03-17 01:48:44.594  INFO 143669 --- [restartedMain] .e.DevToolsPropertyDefaultsPostProcessor : Devtools property defaults active! Set 'spring.devtools.add-properties' to 'false' to disable
2022-03-17 01:48:44.594  INFO 143669 --- [restartedMain] .e.DevToolsPropertyDefaultsPostProcessor : For additional web related logging consider setting the 'logging.level.web' property to 'DEBUG'
2022-03-17 01:48:45.162  INFO 143669 --- [restartedMain] .s.d.r.c.RepositoryConfigurationDelegate : Bootstrapping Spring Data JPA repositories in DEFAULT mode.
2022-03-17 01:48:45.190  INFO 143669 --- [restartedMain] .s.d.r.c.RepositoryConfigurationDelegate : Finished Spring Data repository scanning in 22 ms. Found 1 JPA repository interfaces.
2022-03-17 01:48:45.377  INFO 143669 --- [restartedMain] trationDelegate$BeanPostProcessorChecker : Bean 'org.springframework.ws.config.annotation.DelegatingWsConfiguration' of type [org.springframework.ws.config.annotation.DelegatingWsConfiguration$$EnhancerBySpringCGLIB$$f8a104d2] is not eligible for getting processed by all BeanPostProcessors (for example: not eligible for auto-proxying)
2022-03-17 01:48:45.410  INFO 143669 --- [restartedMain] .w.s.a.s.AnnotationActionEndpointMapping : Supporting [WS-Addressing August 2004, WS-Addressing 1.0]
2022-03-17 01:48:45.595  INFO 143669 --- [restartedMain] o.s.b.w.embedded.tomcat.TomcatWebServer  : Tomcat initialized with port(s): 8082 (http)
2022-03-17 01:48:45.600  INFO 143669 --- [restartedMain] o.apache.catalina.core.StandardService   : Starting service [Tomcat]
2022-03-17 01:48:45.601  INFO 143669 --- [restartedMain] org.apache.catalina.core.StandardEngine  : Starting Servlet engine: [Apache Tomcat/9.0.58]
2022-03-17 01:48:45.654  INFO 143669 --- [restartedMain] o.a.c.c.C.[Tomcat].[localhost].[/]       : Initializing Spring embedded WebApplicationContext
2022-03-17 01:48:45.655  INFO 143669 --- [restartedMain] w.s.c.ServletWebServerApplicationContext : Root WebApplicationContext: initialization completed in 1060 ms
2022-03-17 01:48:45.877  INFO 143669 --- [restartedMain] com.zaxxer.hikari.HikariDataSource       : HikariPool-1 - Starting...
2022-03-17 01:48:46.079  INFO 143669 --- [restartedMain] com.zaxxer.hikari.HikariDataSource       : HikariPool-1 - Start completed.
2022-03-17 01:48:46.394  INFO 143669 --- [restartedMain] j.LocalContainerEntityManagerFactoryBean : Initialized JPA EntityManagerFactory for persistence unit 'default'
2022-03-17 01:48:46.671  WARN 143669 --- [restartedMain] JpaBaseConfiguration$JpaWebConfiguration : spring.jpa.open-in-view is enabled by default. Therefore, database queries may be performed during view rendering. Explicitly configure spring.jpa.open-in-view to disable this warning
2022-03-17 01:48:46.755  INFO 143669 --- [restartedMain] pertySourcedRequestMappingHandlerMapping : Mapped URL path [/v2/api-docs] onto method [springfox.documentation.swagger2.web.Swagger2Controller#getDocumentation(String, HttpServletRequest)]
2022-03-17 01:48:46.855  INFO 143669 --- [restartedMain] o.s.b.d.a.OptionalLiveReloadServer       : LiveReload server is running on port 35729
2022-03-17 01:48:46.970  INFO 143669 --- [restartedMain] o.s.b.w.embedded.tomcat.TomcatWebServer  : Tomcat started on port(s): 8082 (http) with context path ''
2022-03-17 01:48:46.971  INFO 143669 --- [restartedMain] d.s.w.p.DocumentationPluginsBootstrapper : Context refreshed
2022-03-17 01:48:46.979  INFO 143669 --- [restartedMain] d.s.w.p.DocumentationPluginsBootstrapper : Found 1 custom documentation plugin(s)
2022-03-17 01:48:46.993  INFO 143669 --- [restartedMain] s.d.s.w.s.ApiListingReferenceScanner     : Scanning for api listing references
2022-03-17 01:48:47.084  INFO 143669 --- [restartedMain] c.b.b.BookStoreBackendApplication        : Started BookStoreBackendApplication in 2.834 seconds (JVM running for 3.326)
2022-03-17 01:48:47.087  INFO 143669 --- [restartedMain] c.b.b.BookStoreBackendApplication        : BookStore Application started at DEV Environment
2022-03-17 01:49:04.536  INFO 143669 --- [http-nio-8082-exec-1] o.a.c.c.C.[Tomcat].[localhost].[/]       : Initializing Spring DispatcherServlet 'dispatcherServlet'
2022-03-17 01:55:35.330  INFO 143669 --- [SpringApplicationShutdownHook] j.LocalContainerEntityManagerFactoryBean : Closing JPA EntityManagerFactory for persistence unit 'default'
2022-03-17 01:55:35.332  INFO 143669 --- [SpringApplicationShutdownHook] com.zaxxer.hikari.HikariDataSource       : HikariPool-1 - Shutdown initiated...
2022-03-17 01:55:35.338  INFO 143669 --- [SpringApplicationShutdownHook] com.zaxxer.hikari.HikariDataSource       : HikariPool-1 - Shutdown completed.
2022-03-17 01:55:38.701  INFO 144492 --- [restartedMain] c.b.b.BookStoreBackendApplication        : Starting BookStoreBackendApplication using Java 17.0.1 on dell-Latitude-5490 with PID 144492 (/home/dell/BookStoreApp/target/classes started by dell in /home/dell/BookStoreApp)
2022-03-17 01:55:38.703  INFO 144492 --- [restartedMain] c.b.b.BookStoreBackendApplication        : The following 1 profile is active: "dev"
2022-03-17 01:55:38.744  INFO 144492 --- [restartedMain] .e.DevToolsPropertyDefaultsPostProcessor : Devtools property defaults active! Set 'spring.devtools.add-properties' to 'false' to disable
2022-03-17 01:55:38.744  INFO 144492 --- [restartedMain] .e.DevToolsPropertyDefaultsPostProcessor : For additional web related logging consider setting the 'logging.level.web' property to 'DEBUG'
2022-03-17 01:55:39.307  INFO 144492 --- [restartedMain] .s.d.r.c.RepositoryConfigurationDelegate : Bootstrapping Spring Data JPA repositories in DEFAULT mode.
2022-03-17 01:55:39.336  INFO 144492 --- [restartedMain] .s.d.r.c.RepositoryConfigurationDelegate : Finished Spring Data repository scanning in 23 ms. Found 1 JPA repository interfaces.
2022-03-17 01:55:39.529  INFO 144492 --- [restartedMain] trationDelegate$BeanPostProcessorChecker : Bean 'org.springframework.ws.config.annotation.DelegatingWsConfiguration' of type [org.springframework.ws.config.annotation.DelegatingWsConfiguration$$EnhancerBySpringCGLIB$$f8a104d2] is not eligible for getting processed by all BeanPostProcessors (for example: not eligible for auto-proxying)
2022-03-17 01:55:39.561  INFO 144492 --- [restartedMain] .w.s.a.s.AnnotationActionEndpointMapping : Supporting [WS-Addressing August 2004, WS-Addressing 1.0]
2022-03-17 01:55:39.736  INFO 144492 --- [restartedMain] o.s.b.w.embedded.tomcat.TomcatWebServer  : Tomcat initialized with port(s): 8082 (http)
2022-03-17 01:55:39.741  INFO 144492 --- [restartedMain] o.apache.catalina.core.StandardService   : Starting service [Tomcat]
2022-03-17 01:55:39.742  INFO 144492 --- [restartedMain] org.apache.catalina.core.StandardEngine  : Starting Servlet engine: [Apache Tomcat/9.0.58]
2022-03-17 01:55:39.793  INFO 144492 --- [restartedMain] o.a.c.c.C.[Tomcat].[localhost].[/]       : Initializing Spring embedded WebApplicationContext
2022-03-17 01:55:39.793  INFO 144492 --- [restartedMain] w.s.c.ServletWebServerApplicationContext : Root WebApplicationContext: initialization completed in 1048 ms
2022-03-17 01:55:40.016  INFO 144492 --- [restartedMain] com.zaxxer.hikari.HikariDataSource       : HikariPool-1 - Starting...
2022-03-17 01:55:40.210  INFO 144492 --- [restartedMain] com.zaxxer.hikari.HikariDataSource       : HikariPool-1 - Start completed.
2022-03-17 01:55:40.527  INFO 144492 --- [restartedMain] j.LocalContainerEntityManagerFactoryBean : Initialized JPA EntityManagerFactory for persistence unit 'default'
2022-03-17 01:55:40.840  WARN 144492 --- [restartedMain] JpaBaseConfiguration$JpaWebConfiguration : spring.jpa.open-in-view is enabled by default. Therefore, database queries may be performed during view rendering. Explicitly configure spring.jpa.open-in-view to disable this warning
2022-03-17 01:55:40.935  INFO 144492 --- [restartedMain] pertySourcedRequestMappingHandlerMapping : Mapped URL path [/v2/api-docs] onto method [springfox.documentation.swagger2.web.Swagger2Controller#getDocumentation(String, HttpServletRequest)]
2022-03-17 01:55:41.034  INFO 144492 --- [restartedMain] o.s.b.d.a.OptionalLiveReloadServer       : LiveReload server is running on port 35729
2022-03-17 01:55:41.153  INFO 144492 --- [restartedMain] o.s.b.w.embedded.tomcat.TomcatWebServer  : Tomcat started on port(s): 8082 (http) with context path ''
2022-03-17 01:55:41.154  INFO 144492 --- [restartedMain] d.s.w.p.DocumentationPluginsBootstrapper : Context refreshed
2022-03-17 01:55:41.163  INFO 144492 --- [restartedMain] d.s.w.p.DocumentationPluginsBootstrapper : Found 1 custom documentation plugin(s)
2022-03-17 01:55:41.177  INFO 144492 --- [restartedMain] s.d.s.w.s.ApiListingReferenceScanner     : Scanning for api listing references
2022-03-17 01:55:41.274  INFO 144492 --- [restartedMain] c.b.b.BookStoreBackendApplication        : Started BookStoreBackendApplication in 2.892 seconds (JVM running for 3.353)
2022-03-17 01:55:41.277  INFO 144492 --- [restartedMain] c.b.b.BookStoreBackendApplication        : BookStore Application started at DEV Environment
2022-03-17 01:56:25.447  INFO 144492 --- [http-nio-8082-exec-1] o.a.c.c.C.[Tomcat].[localhost].[/]       : Initializing Spring DispatcherServlet 'dispatcherServlet'
2022-03-17 01:58:24.550  INFO 144492 --- [SpringApplicationShutdownHook] j.LocalContainerEntityManagerFactoryBean : Closing JPA EntityManagerFactory for persistence unit 'default'
2022-03-17 01:58:24.552  INFO 144492 --- [SpringApplicationShutdownHook] com.zaxxer.hikari.HikariDataSource       : HikariPool-1 - Shutdown initiated...
2022-03-17 01:58:24.558  INFO 144492 --- [SpringApplicationShutdownHook] com.zaxxer.hikari.HikariDataSource       : HikariPool-1 - Shutdown completed.
2022-03-17 01:58:27.752  INFO 144872 --- [restartedMain] c.b.b.BookStoreBackendApplication        : Starting BookStoreBackendApplication using Java 17.0.1 on dell-Latitude-5490 with PID 144872 (/home/dell/BookStoreApp/target/classes started by dell in /home/dell/BookStoreApp)
2022-03-17 01:58:27.753  INFO 144872 --- [restartedMain] c.b.b.BookStoreBackendApplication        : The following 1 profile is active: "dev"
2022-03-17 01:58:27.793  INFO 144872 --- [restartedMain] .e.DevToolsPropertyDefaultsPostProcessor : Devtools property defaults active! Set 'spring.devtools.add-properties' to 'false' to disable
2022-03-17 01:58:27.793  INFO 144872 --- [restartedMain] .e.DevToolsPropertyDefaultsPostProcessor : For additional web related logging consider setting the 'logging.level.web' property to 'DEBUG'
2022-03-17 01:58:28.343  INFO 144872 --- [restartedMain] .s.d.r.c.RepositoryConfigurationDelegate : Bootstrapping Spring Data JPA repositories in DEFAULT mode.
2022-03-17 01:58:28.370  INFO 144872 --- [restartedMain] .s.d.r.c.RepositoryConfigurationDelegate : Finished Spring Data repository scanning in 21 ms. Found 1 JPA repository interfaces.
2022-03-17 01:58:28.559  INFO 144872 --- [restartedMain] trationDelegate$BeanPostProcessorChecker : Bean 'org.springframework.ws.config.annotation.DelegatingWsConfiguration' of type [org.springframework.ws.config.annotation.DelegatingWsConfiguration$$EnhancerBySpringCGLIB$$f8a104d2] is not eligible for getting processed by all BeanPostProcessors (for example: not eligible for auto-proxying)
2022-03-17 01:58:28.588  INFO 144872 --- [restartedMain] .w.s.a.s.AnnotationActionEndpointMapping : Supporting [WS-Addressing August 2004, WS-Addressing 1.0]
2022-03-17 01:58:28.767  INFO 144872 --- [restartedMain] o.s.b.w.embedded.tomcat.TomcatWebServer  : Tomcat initialized with port(s): 8082 (http)
2022-03-17 01:58:28.773  INFO 144872 --- [restartedMain] o.apache.catalina.core.StandardService   : Starting service [Tomcat]
2022-03-17 01:58:28.773  INFO 144872 --- [restartedMain] org.apache.catalina.core.StandardEngine  : Starting Servlet engine: [Apache Tomcat/9.0.58]
2022-03-17 01:58:28.824  INFO 144872 --- [restartedMain] o.a.c.c.C.[Tomcat].[localhost].[/]       : Initializing Spring embedded WebApplicationContext
2022-03-17 01:58:28.825  INFO 144872 --- [restartedMain] w.s.c.ServletWebServerApplicationContext : Root WebApplicationContext: initialization completed in 1031 ms
2022-03-17 01:58:29.048  INFO 144872 --- [restartedMain] com.zaxxer.hikari.HikariDataSource       : HikariPool-1 - Starting...
2022-03-17 01:58:29.248  INFO 144872 --- [restartedMain] com.zaxxer.hikari.HikariDataSource       : HikariPool-1 - Start completed.
2022-03-17 01:58:29.568  INFO 144872 --- [restartedMain] j.LocalContainerEntityManagerFactoryBean : Initialized JPA EntityManagerFactory for persistence unit 'default'
2022-03-17 01:58:29.840  WARN 144872 --- [restartedMain] JpaBaseConfiguration$JpaWebConfiguration : spring.jpa.open-in-view is enabled by default. Therefore, database queries may be performed during view rendering. Explicitly configure spring.jpa.open-in-view to disable this warning
2022-03-17 01:58:29.921  INFO 144872 --- [restartedMain] pertySourcedRequestMappingHandlerMapping : Mapped URL path [/v2/api-docs] onto method [springfox.documentation.swagger2.web.Swagger2Controller#getDocumentation(String, HttpServletRequest)]
2022-03-17 01:58:30.014  INFO 144872 --- [restartedMain] o.s.b.d.a.OptionalLiveReloadServer       : LiveReload server is running on port 35729
2022-03-17 01:58:30.129  INFO 144872 --- [restartedMain] o.s.b.w.embedded.tomcat.TomcatWebServer  : Tomcat started on port(s): 8082 (http) with context path ''
2022-03-17 01:58:30.130  INFO 144872 --- [restartedMain] d.s.w.p.DocumentationPluginsBootstrapper : Context refreshed
2022-03-17 01:58:30.139  INFO 144872 --- [restartedMain] d.s.w.p.DocumentationPluginsBootstrapper : Found 1 custom documentation plugin(s)
2022-03-17 01:58:30.153  INFO 144872 --- [restartedMain] s.d.s.w.s.ApiListingReferenceScanner     : Scanning for api listing references
2022-03-17 01:58:30.247  INFO 144872 --- [restartedMain] c.b.b.BookStoreBackendApplication        : Started BookStoreBackendApplication in 2.785 seconds (JVM running for 3.279)
2022-03-17 01:58:30.251  INFO 144872 --- [restartedMain] c.b.b.BookStoreBackendApplication        : BookStore Application started at DEV Environment
2022-03-17 01:58:33.949  INFO 144872 --- [http-nio-8082-exec-1] o.a.c.c.C.[Tomcat].[localhost].[/]       : Initializing Spring DispatcherServlet 'dispatcherServlet'
2022-03-17 02:02:57.397  INFO 144872 --- [SpringApplicationShutdownHook] j.LocalContainerEntityManagerFactoryBean : Closing JPA EntityManagerFactory for persistence unit 'default'
2022-03-17 02:02:57.399  INFO 144872 --- [SpringApplicationShutdownHook] com.zaxxer.hikari.HikariDataSource       : HikariPool-1 - Shutdown initiated...
2022-03-17 02:02:57.405  INFO 144872 --- [SpringApplicationShutdownHook] com.zaxxer.hikari.HikariDataSource       : HikariPool-1 - Shutdown completed.
2022-03-17 02:03:34.440  INFO 145619 --- [restartedMain] c.b.b.BookStoreBackendApplication        : Starting BookStoreBackendApplication using Java 17.0.1 on dell-Latitude-5490 with PID 145619 (/home/dell/BookStoreApp/target/classes started by dell in /home/dell/BookStoreApp)
2022-03-17 02:03:34.442  INFO 145619 --- [restartedMain] c.b.b.BookStoreBackendApplication        : The following 1 profile is active: "dev"
2022-03-17 02:03:34.485  INFO 145619 --- [restartedMain] .e.DevToolsPropertyDefaultsPostProcessor : Devtools property defaults active! Set 'spring.devtools.add-properties' to 'false' to disable
2022-03-17 02:03:34.485  INFO 145619 --- [restartedMain] .e.DevToolsPropertyDefaultsPostProcessor : For additional web related logging consider setting the 'logging.level.web' property to 'DEBUG'
2022-03-17 02:03:35.042  INFO 145619 --- [restartedMain] .s.d.r.c.RepositoryConfigurationDelegate : Bootstrapping Spring Data JPA repositories in DEFAULT mode.
2022-03-17 02:03:35.069  INFO 145619 --- [restartedMain] .s.d.r.c.RepositoryConfigurationDelegate : Finished Spring Data repository scanning in 22 ms. Found 1 JPA repository interfaces.
2022-03-17 02:03:35.261  INFO 145619 --- [restartedMain] trationDelegate$BeanPostProcessorChecker : Bean 'org.springframework.ws.config.annotation.DelegatingWsConfiguration' of type [org.springframework.ws.config.annotation.DelegatingWsConfiguration$$EnhancerBySpringCGLIB$$590b7baf] is not eligible for getting processed by all BeanPostProcessors (for example: not eligible for auto-proxying)
2022-03-17 02:03:35.290  INFO 145619 --- [restartedMain] .w.s.a.s.AnnotationActionEndpointMapping : Supporting [WS-Addressing August 2004, WS-Addressing 1.0]
2022-03-17 02:03:35.459  INFO 145619 --- [restartedMain] o.s.b.w.embedded.tomcat.TomcatWebServer  : Tomcat initialized with port(s): 8082 (http)
2022-03-17 02:03:35.465  INFO 145619 --- [restartedMain] o.apache.catalina.core.StandardService   : Starting service [Tomcat]
2022-03-17 02:03:35.465  INFO 145619 --- [restartedMain] org.apache.catalina.core.StandardEngine  : Starting Servlet engine: [Apache Tomcat/9.0.58]
2022-03-17 02:03:35.512  INFO 145619 --- [restartedMain] o.a.c.c.C.[Tomcat].[localhost].[/]       : Initializing Spring embedded WebApplicationContext
2022-03-17 02:03:35.513  INFO 145619 --- [restartedMain] w.s.c.ServletWebServerApplicationContext : Root WebApplicationContext: initialization completed in 1027 ms
2022-03-17 02:03:35.732  INFO 145619 --- [restartedMain] com.zaxxer.hikari.HikariDataSource       : HikariPool-1 - Starting...
2022-03-17 02:03:35.932  INFO 145619 --- [restartedMain] com.zaxxer.hikari.HikariDataSource       : HikariPool-1 - Start completed.
2022-03-17 02:03:36.252  INFO 145619 --- [restartedMain] j.LocalContainerEntityManagerFactoryBean : Initialized JPA EntityManagerFactory for persistence unit 'default'
2022-03-17 02:03:36.511  WARN 145619 --- [restartedMain] JpaBaseConfiguration$JpaWebConfiguration : spring.jpa.open-in-view is enabled by default. Therefore, database queries may be performed during view rendering. Explicitly configure spring.jpa.open-in-view to disable this warning
2022-03-17 02:03:36.592  INFO 145619 --- [restartedMain] pertySourcedRequestMappingHandlerMapping : Mapped URL path [/v2/api-docs] onto method [springfox.documentation.swagger2.web.Swagger2Controller#getDocumentation(String, HttpServletRequest)]
2022-03-17 02:03:36.690  INFO 145619 --- [restartedMain] o.s.b.d.a.OptionalLiveReloadServer       : LiveReload server is running on port 35729
2022-03-17 02:03:36.803  INFO 145619 --- [restartedMain] o.s.b.w.embedded.tomcat.TomcatWebServer  : Tomcat started on port(s): 8082 (http) with context path ''
2022-03-17 02:03:36.804  INFO 145619 --- [restartedMain] d.s.w.p.DocumentationPluginsBootstrapper : Context refreshed
2022-03-17 02:03:36.812  INFO 145619 --- [restartedMain] d.s.w.p.DocumentationPluginsBootstrapper : Found 1 custom documentation plugin(s)
2022-03-17 02:03:36.826  INFO 145619 --- [restartedMain] s.d.s.w.s.ApiListingReferenceScanner     : Scanning for api listing references
2022-03-17 02:03:36.919  INFO 145619 --- [restartedMain] c.b.b.BookStoreBackendApplication        : Started BookStoreBackendApplication in 2.763 seconds (JVM running for 3.282)
2022-03-17 02:03:36.922  INFO 145619 --- [restartedMain] c.b.b.BookStoreBackendApplication        : BookStore Application started at DEV Environment
2022-03-17 02:03:43.839  INFO 145619 --- [http-nio-8082-exec-1] o.a.c.c.C.[Tomcat].[localhost].[/]       : Initializing Spring DispatcherServlet 'dispatcherServlet'
2022-03-17 02:06:27.087  INFO 145619 --- [SpringApplicationShutdownHook] j.LocalContainerEntityManagerFactoryBean : Closing JPA EntityManagerFactory for persistence unit 'default'
2022-03-17 02:06:27.089  INFO 145619 --- [SpringApplicationShutdownHook] com.zaxxer.hikari.HikariDataSource       : HikariPool-1 - Shutdown initiated...
2022-03-17 02:06:27.096  INFO 145619 --- [SpringApplicationShutdownHook] com.zaxxer.hikari.HikariDataSource       : HikariPool-1 - Shutdown completed.
2022-03-17 02:06:30.710  INFO 146023 --- [restartedMain] c.b.b.BookStoreBackendApplication        : Starting BookStoreBackendApplication using Java 17.0.1 on dell-Latitude-5490 with PID 146023 (/home/dell/BookStoreApp/target/classes started by dell in /home/dell/BookStoreApp)
2022-03-17 02:06:30.712  INFO 146023 --- [restartedMain] c.b.b.BookStoreBackendApplication        : The following 1 profile is active: "dev"
2022-03-17 02:06:30.762  INFO 146023 --- [restartedMain] .e.DevToolsPropertyDefaultsPostProcessor : Devtools property defaults active! Set 'spring.devtools.add-properties' to 'false' to disable
2022-03-17 02:06:30.762  INFO 146023 --- [restartedMain] .e.DevToolsPropertyDefaultsPostProcessor : For additional web related logging consider setting the 'logging.level.web' property to 'DEBUG'
2022-03-17 02:06:31.381  INFO 146023 --- [restartedMain] .s.d.r.c.RepositoryConfigurationDelegate : Bootstrapping Spring Data JPA repositories in DEFAULT mode.
2022-03-17 02:06:31.410  INFO 146023 --- [restartedMain] .s.d.r.c.RepositoryConfigurationDelegate : Finished Spring Data repository scanning in 22 ms. Found 1 JPA repository interfaces.
2022-03-17 02:06:31.607  INFO 146023 --- [restartedMain] trationDelegate$BeanPostProcessorChecker : Bean 'org.springframework.ws.config.annotation.DelegatingWsConfiguration' of type [org.springframework.ws.config.annotation.DelegatingWsConfiguration$$EnhancerBySpringCGLIB$$528a8831] is not eligible for getting processed by all BeanPostProcessors (for example: not eligible for auto-proxying)
2022-03-17 02:06:31.638  INFO 146023 --- [restartedMain] .w.s.a.s.AnnotationActionEndpointMapping : Supporting [WS-Addressing August 2004, WS-Addressing 1.0]
2022-03-17 02:06:31.839  INFO 146023 --- [restartedMain] o.s.b.w.embedded.tomcat.TomcatWebServer  : Tomcat initialized with port(s): 8082 (http)
2022-03-17 02:06:31.844  INFO 146023 --- [restartedMain] o.apache.catalina.core.StandardService   : Starting service [Tomcat]
2022-03-17 02:06:31.845  INFO 146023 --- [restartedMain] org.apache.catalina.core.StandardEngine  : Starting Servlet engine: [Apache Tomcat/9.0.58]
2022-03-17 02:06:31.895  INFO 146023 --- [restartedMain] o.a.c.c.C.[Tomcat].[localhost].[/]       : Initializing Spring embedded WebApplicationContext
2022-03-17 02:06:31.895  INFO 146023 --- [restartedMain] w.s.c.ServletWebServerApplicationContext : Root WebApplicationContext: initialization completed in 1132 ms
2022-03-17 02:06:32.106  INFO 146023 --- [restartedMain] com.zaxxer.hikari.HikariDataSource       : HikariPool-1 - Starting...
2022-03-17 02:06:32.320  INFO 146023 --- [restartedMain] com.zaxxer.hikari.HikariDataSource       : HikariPool-1 - Start completed.
2022-03-17 02:06:32.666  INFO 146023 --- [restartedMain] j.LocalContainerEntityManagerFactoryBean : Initialized JPA EntityManagerFactory for persistence unit 'default'
2022-03-17 02:06:32.956  WARN 146023 --- [restartedMain] JpaBaseConfiguration$JpaWebConfiguration : spring.jpa.open-in-view is enabled by default. Therefore, database queries may be performed during view rendering. Explicitly configure spring.jpa.open-in-view to disable this warning
2022-03-17 02:06:33.047  INFO 146023 --- [restartedMain] pertySourcedRequestMappingHandlerMapping : Mapped URL path [/v2/api-docs] onto method [springfox.documentation.swagger2.web.Swagger2Controller#getDocumentation(String, HttpServletRequest)]
2022-03-17 02:06:33.163  INFO 146023 --- [restartedMain] o.s.b.d.a.OptionalLiveReloadServer       : LiveReload server is running on port 35729
2022-03-17 02:06:33.309  INFO 146023 --- [restartedMain] o.s.b.w.embedded.tomcat.TomcatWebServer  : Tomcat started on port(s): 8082 (http) with context path ''
2022-03-17 02:06:33.310  INFO 146023 --- [restartedMain] d.s.w.p.DocumentationPluginsBootstrapper : Context refreshed
2022-03-17 02:06:33.319  INFO 146023 --- [restartedMain] d.s.w.p.DocumentationPluginsBootstrapper : Found 1 custom documentation plugin(s)
2022-03-17 02:06:33.334  INFO 146023 --- [restartedMain] s.d.s.w.s.ApiListingReferenceScanner     : Scanning for api listing references
2022-03-17 02:06:33.443  INFO 146023 --- [restartedMain] c.b.b.BookStoreBackendApplication        : Started BookStoreBackendApplication in 3.035 seconds (JVM running for 3.607)
2022-03-17 02:06:33.447  INFO 146023 --- [restartedMain] c.b.b.BookStoreBackendApplication        : BookStore Application started at DEV Environment
2022-03-17 02:06:34.315  INFO 146023 --- [http-nio-8082-exec-1] o.a.c.c.C.[Tomcat].[localhost].[/]       : Initializing Spring DispatcherServlet 'dispatcherServlet'
